<?xml version="1.0" encoding="UTF-8"?>
<coverage generated="1734622490544" clover="3.2.0">
  <project timestamp="1734622490545" name="All files">
    <metrics statements="8" coveredstatements="8" conditionals="2" coveredconditionals="0" methods="5" coveredmethods="5" elements="15" coveredelements="13" complexity="0" loc="8" ncloc="8" packages="3" files="3" classes="3"/>
    <package name="shared.lib.classNames">
      <metrics statements="3" coveredstatements="3" conditionals="2" coveredconditionals="0" methods="3" coveredmethods="3"/>
      <file name="classNames.ts" path="C:\Users\zayts\OneDrive\Документы\Dev\ReactHI\src\shared\lib\classNames\classNames.ts">
        <metrics statements="3" coveredstatements="3" conditionals="2" coveredconditionals="0" methods="3" coveredmethods="3"/>
        <line num="4" count="3" type="stmt"/>
        <line num="7" count="3" type="stmt"/>
        <line num="8" count="1" type="stmt"/>
      </file>
    </package>
    <package name="widgets.Sidebar">
      <metrics statements="0" coveredstatements="0" conditionals="0" coveredconditionals="0" methods="0" coveredmethods="0"/>
      <file name="index.tsx" path="C:\Users\zayts\OneDrive\Документы\Dev\ReactHI\src\widgets\Sidebar\index.tsx">
        <metrics statements="0" coveredstatements="0" conditionals="0" coveredconditionals="0" methods="0" coveredmethods="0"/>
      </file>
    </package>
    <package name="widgets.Sidebar.ui.Sidebar">
      <metrics statements="5" coveredstatements="5" conditionals="0" coveredconditionals="0" methods="2" coveredmethods="2"/>
      <file name="Sidebar.tsx" path="C:\Users\zayts\OneDrive\Документы\Dev\ReactHI\src\widgets\Sidebar\ui\Sidebar\Sidebar.tsx">
        <metrics statements="5" coveredstatements="5" conditionals="0" coveredconditionals="0" methods="2" coveredmethods="2"/>
        <line num="8" count="1" type="stmt"/>
        <line num="9" count="3" type="stmt"/>
        <line num="10" count="3" type="stmt"/>
        <line num="11" count="1" type="stmt"/>
        <line num="13" count="3" type="stmt"/>
      </file>
    </package>
  </project>
</coverage>
