{"C:\\Users\\zayts\\OneDrive\\Документы\\Dev\\ReactHI\\src\\shared\\lib\\classNames\\classNames.ts": {"path":"C:\\Users\\zayts\\OneDrive\\Документы\\Dev\\ReactHI\\src\\shared\\lib\\classNames\\classNames.ts","statementMap":{"0":{"start":{"line":4,"column":4},"end":{"line":10,"column":16}},"1":{"start":{"line":7,"column":44},"end":{"line":7,"column":58}},"2":{"start":{"line":8,"column":34},"end":{"line":8,"column":43}}},"fnMap":{"0":{"name":"classNames","decl":{"start":{"line":3,"column":24},"end":{"line":3,"column":34}},"loc":{"start":{"line":3,"column":92},"end":{"line":11,"column":1}},"line":3},"1":{"name":"(anonymous_1)","decl":{"start":{"line":7,"column":20},"end":{"line":7,"column":21}},"loc":{"start":{"line":7,"column":44},"end":{"line":7,"column":58}},"line":7},"2":{"name":"(anonymous_2)","decl":{"start":{"line":8,"column":17},"end":{"line":8,"column":18}},"loc":{"start":{"line":8,"column":34},"end":{"line":8,"column":43}},"line":8}},"branchMap":{"0":{"loc":{"start":{"line":3,"column":48},"end":{"line":3,"column":63}},"type":"default-arg","locations":[{"start":{"line":3,"column":61},"end":{"line":3,"column":63}}],"line":3},"1":{"loc":{"start":{"line":3,"column":65},"end":{"line":3,"column":90}},"type":"default-arg","locations":[{"start":{"line":3,"column":88},"end":{"line":3,"column":90}}],"line":3}},"s":{"0":3,"1":3,"2":1},"f":{"0":3,"1":3,"2":1},"b":{"0":[0],"1":[0]},"_coverageSchema":"1a1c01bbd47fc00a2c39e90264f33305004495a9","hash":"4948f8a1e22d1d52a821504ab8150278b544f4a4"}
,"C:\\Users\\zayts\\OneDrive\\Документы\\Dev\\ReactHI\\src\\widgets\\Sidebar\\index.tsx": {"path":"C:\\Users\\zayts\\OneDrive\\Документы\\Dev\\ReactHI\\src\\widgets\\Sidebar\\index.tsx","statementMap":{},"fnMap":{},"branchMap":{},"s":{},"f":{},"b":{},"_coverageSchema":"1a1c01bbd47fc00a2c39e90264f33305004495a9","hash":"5ea2075fe40dbcec007c3173f590bd8ef9d86a08"}
,"C:\\Users\\zayts\\OneDrive\\Документы\\Dev\\ReactHI\\src\\widgets\\Sidebar\\ui\\Sidebar\\Sidebar.tsx": {"path":"C:\\Users\\zayts\\OneDrive\\Документы\\Dev\\ReactHI\\src\\widgets\\Sidebar\\ui\\Sidebar\\Sidebar.tsx","statementMap":{"0":{"start":{"line":8,"column":23},"end":{"line":20,"column":1}},"1":{"start":{"line":9,"column":38},"end":{"line":9,"column":53}},"2":{"start":{"line":10,"column":21},"end":{"line":12,"column":5}},"3":{"start":{"line":11,"column":8},"end":{"line":11,"column":33}},"4":{"start":{"line":13,"column":4},"end":{"line":19,"column":6}}},"fnMap":{"0":{"name":"(anonymous_0)","decl":{"start":{"line":8,"column":23},"end":{"line":8,"column":24}},"loc":{"start":{"line":8,"column":56},"end":{"line":20,"column":1}},"line":8},"1":{"name":"(anonymous_1)","decl":{"start":{"line":10,"column":21},"end":{"line":10,"column":22}},"loc":{"start":{"line":10,"column":27},"end":{"line":12,"column":5}},"line":10}},"branchMap":{},"s":{"0":1,"1":3,"2":3,"3":1,"4":3},"f":{"0":3,"1":1},"b":{},"_coverageSchema":"1a1c01bbd47fc00a2c39e90264f33305004495a9","hash":"d8b3b7de759ac1efc200609b939e11b1d0805264"}
}
