TN:
SF:src\shared\lib\classNames\classNames.ts
FN:3,classNames
FN:7,(anonymous_1)
FN:8,(anonymous_2)
FNF:3
FNH:3
FNDA:3,classNames
FNDA:3,(anonymous_1)
FNDA:1,(anonymous_2)
DA:4,3
DA:7,3
DA:8,1
LF:3
LH:3
BRDA:3,0,0,0
BRDA:3,1,0,0
BRF:2
BRH:0
end_of_record
TN:
SF:src\widgets\Sidebar\index.tsx
FNF:0
FNH:0
LF:0
LH:0
BRF:0
BRH:0
end_of_record
TN:
SF:src\widgets\Sidebar\ui\Sidebar\Sidebar.tsx
FN:8,(anonymous_0)
FN:10,(anonymous_1)
FNF:2
FNH:2
FNDA:3,(anonymous_0)
FNDA:1,(anonymous_1)
DA:8,1
DA:9,3
DA:10,3
DA:11,1
DA:13,3
LF:5
LH:5
BRF:0
BRH:0
end_of_record
